<?xml version="1.0" encoding="UTF-8"?>
<!-- Generated by org.testng.reporters.JUnitReportReporter -->
<testsuite skipped="0" hostname="Riaz" name="Com.CucumberFrameWork.AutomationPractice2.TextOfVerification" tests="2" failures="0" timestamp="2023-06-26T17:13:13 EDT" time="23.882" errors="0">
  <testcase name="sign" time="8.894" classname="Com.CucumberFrameWork.AutomationPractice2.TextOfVerification"/>
  <system-out/>
  <testcase name="f" time="14.988" classname="Com.CucumberFrameWork.AutomationPractice2.TextOfVerification"/>
  <system-out/>
</testsuite> <!-- Com.CucumberFrameWork.AutomationPractice2.TextOfVerification -->
