<?xml version="1.0" encoding="UTF-8"?>
<!-- Generated by org.testng.reporters.JUnitReportReporter -->
<testsuite skipped="0" hostname="Riaz" name="Com.CucumberFrameWork.AutomationPractice2.Points" tests="3" failures="0" timestamp="2023-06-26T16:21:04 EDT" time="26.598" errors="0">
  <testcase name="f" time="8.891" classname="Com.CucumberFrameWork.AutomationPractice2.Points"/>
  <system-out/>
  <testcase name="f" time="8.847" classname="Com.CucumberFrameWork.AutomationPractice2.Points"/>
  <system-out/>
  <testcase name="f" time="8.860" classname="Com.CucumberFrameWork.AutomationPractice2.Points"/>
  <system-out/>
</testsuite> <!-- Com.CucumberFrameWork.AutomationPractice2.Points -->
