<?xml version="1.0" encoding="UTF-8"?>
<!-- Generated by org.testng.reporters.JUnitReportReporter -->
<testsuite skipped="0" hostname="Riaz" name="Com.CucumberFrameWork.AutomationPractice2.Property" tests="1" failures="0" timestamp="2023-06-26T17:13:13 EDT" time="9.181" errors="0">
  <testcase name="f" time="9.181" classname="Com.CucumberFrameWork.AutomationPractice2.Property"/>
  <system-out/>
</testsuite> <!-- Com.CucumberFrameWork.AutomationPractice2.Property -->
