<?xml version="1.0" encoding="UTF-8"?>
<!-- Generated by org.testng.reporters.JUnitReportReporter -->
<testsuite skipped="0" hostname="Riaz" name="Com.CucumberFrameWork.AutomationPractice2.TestNGOfAnnotation2" tests="2" failures="0" timestamp="2023-06-02T02:11:28 EDT" time="0.007" errors="0">
  <testcase name="f6" time="0.002" classname="Com.CucumberFrameWork.AutomationPractice2.TestNGOfAnnotation2"/>
  <system-out/>
  <testcase name="f" time="0.005" classname="Com.CucumberFrameWork.AutomationPractice2.TestNGOfAnnotation2"/>
  <system-out/>
</testsuite> <!-- Com.CucumberFrameWork.AutomationPractice2.TestNGOfAnnotation2 -->
